#
# An unexpected error has been detected by Java Runtime Environment:
#
#  EXCEPTION_ACCESS_VIOLATION (0xc0000005) at pc=0x00000000797329f0, pid=4320, tid=2604
#
# Java VM: Java HotSpot(TM) 64-Bit Server VM (11.2-b01 mixed mode windows-amd64)
# Problematic frame:
# C  [hg.dll+0x4129f0]
#
# If you would like to submit a bug report, please visit:
#   http://java.sun.com/webapps/bugreport/crash.jsp
# The crash happened outside the Java Virtual Machine in native code.
# See problematic frame for where to report the bug.
#

---------------  T H R E A D  ---------------

Current thread (0x00000000017e2c00):  JavaThread "main" [_thread_in_native, id=2604, stack(0x0000000000030000,0x0000000001030000)]

siginfo: ExceptionCode=0xc0000005, reading address 0x0000000000000168

Registers:
EAX=0x0000000000000010, EBX=0x0000000000000000, ECX=0x0000000000000000, EDX=0x000000006c08a600
ESP=0x0000000001025628, EBP=0x0000000000000000, ESI=0x00000000797e44f0, EDI=0x00000000797e44f0
EIP=0x00000000797329f0, EFLAGS=0x0000000000010202

Top of Stack: (sp=0x0000000001025628)
0x0000000001025628:   000000007974af46 0000000000000000
0x0000000001025638:   0000000000000000 00000000797e44f0
0x0000000001025648:   0000000000000000 0000000000000000
0x0000000001025658:   0000000000000000 0000000076dbf0f0
0x0000000001025668:   00000000796d0610 000000008d94bc80
0x0000000001025678:   0000000000000000 0000000001025700
0x0000000001025688:   0000000000000000 0000000076dbf0f8
0x0000000001025698:   000000007a92c863 0000000076dbf0f0
0x00000000010256a8:   0000000076dbec48 000000000192edd0
0x00000000010256b8:   000000008d9270a0 fffffffffffffffe
0x00000000010256c8:   000007fefd2f10ac 0000000076dbf0f0
0x00000000010256d8:   0000000076dbf0f8 0000000076dbf0f8
0x00000000010256e8:   0000000077a8b340 0000000000000000
0x00000000010256f8:   000000008d9270b0 000000008d9270a0
0x0000000001025708:   000000007c628977 000000000000000a
0x0000000001025718:   000000008d9270a0 00000000010257e0 

Instructions: (pc=0x00000000797329f0)
0x00000000797329e0:   48 8b 81 f0 01 00 00 c3 cc cc cc cc cc cc cc cc
0x00000000797329f0:   48 8b 81 68 01 00 00 c3 cc cc cc cc cc cc cc cc 


Stack: [0x0000000000030000,0x0000000001030000],  sp=0x0000000001025628,  free space=16341k
Native frames: (J=compiled Java code, j=interpreted, Vv=VM code, C=native code)
C  [hg.dll+0x4129f0]

[error occurred during error reporting (printing native stack), id 0xc0000005]

Java frames: (J=compiled Java code, j=interpreted, Vv=VM code)
J  com.mathworks.jmi.NativeMatlab.SendMatlabMessage(Ljava/lang/Object;)Ljava/lang/Object;
J  com.mathworks.jmi.NativeMatlab.sendMatlabMessage(Ljava/lang/Object;)Ljava/lang/Object;
j  com.mathworks.jmi.MatlabLooper.sendMatlabMessage(Lcom/mathworks/services/message/MWMessage;)Ljava/lang/Object;+20
j  com.mathworks.jmi.Matlab.mtFevalConsoleOutput(Ljava/lang/String;[Ljava/lang/Object;I)Ljava/lang/Object;+58
j  com.mathworks.mde.desk.MLDesktop$9.run()V+14
j  com.mathworks.jmi.NativeMatlab.dispatchMTRequests(Z)V+50
v  ~StubRoutines::call_stub

---------------  P R O C E S S  ---------------

Java Threads:( => current thread )
  0x000000006117e400 JavaThread "Timer-98" [_thread_blocked, id=4804, stack(0x000000000d040000,0x000000000d0c0000)]
  0x000000006117c400 JavaThread "pool-2-thread-1" [_thread_blocked, id=3792, stack(0x000000000c540000,0x000000000c5c0000)]
  0x0000000061177800 JavaThread "Foxtrot Multi Worker Thread Runner #1" daemon [_thread_blocked, id=440, stack(0x0000000009380000,0x0000000009400000)]
  0x0000000061178800 JavaThread "Active Reference Queue Daemon" daemon [_thread_blocked, id=3444, stack(0x000000000c4c0000,0x000000000c540000)]
  0x0000000061179c00 JavaThread "Timer-51" daemon [_thread_blocked, id=1744, stack(0x000000000c440000,0x000000000c4c0000)]
  0x0000000061177000 JavaThread "FelixPackageAdmin" daemon [_thread_blocked, id=4932, stack(0x000000000d3b0000,0x000000000d430000)]
  0x0000000061178c00 JavaThread "FelixStartLevel" daemon [_thread_blocked, id=3104, stack(0x000000000d330000,0x000000000d3b0000)]
  0x0000000061176800 JavaThread "FelixDispatchQueue" daemon [_thread_blocked, id=1828, stack(0x000000000d130000,0x000000000d1b0000)]
  0x0000000061178000 JavaThread "Timer-10" daemon [_thread_blocked, id=4744, stack(0x0000000060720000,0x00000000607a0000)]
  0x000000006024e400 JavaThread "Prefs Updater" daemon [_thread_blocked, id=4424, stack(0x0000000062ec0000,0x0000000062f40000)]
  0x000000006020b000 JavaThread "Timer-1" [_thread_blocked, id=4464, stack(0x0000000061b20000,0x0000000061ba0000)]
  0x0000000060110c00 JavaThread "TimerQueue" daemon [_thread_blocked, id=4672, stack(0x0000000060a40000,0x0000000060ac0000)]
  0x000000005ffd0000 JavaThread "AWT-EventQueue-0" [_thread_blocked, id=4676, stack(0x00000000609b0000,0x0000000060a30000)]
  0x000000005fedd800 JavaThread "AWT-Windows" daemon [_thread_in_native, id=3656, stack(0x000000000d770000,0x000000000d7f0000)]
  0x000000005fee1400 JavaThread "AWT-Shutdown" [_thread_blocked, id=4440, stack(0x000000000d6f0000,0x000000000d770000)]
  0x000000005fee0c00 JavaThread "Java2D Disposer" daemon [_thread_blocked, id=3556, stack(0x000000000d670000,0x000000000d6f0000)]
  0x000000005f7f9000 JavaThread "Timer-0" [_thread_blocked, id=4328, stack(0x000000000d4b0000,0x000000000d530000)]
  0x000000005f84b800 JavaThread "JMI Unnamed Thread" [_thread_in_native, id=4176, stack(0x0000000005e50000,0x0000000006e50000)]
  0x000000005b5af000 JavaThread "Low Memory Detector" daemon [_thread_blocked, id=4256, stack(0x000000000d430000,0x000000000d4b0000)]
  0x000000005b5a5c00 JavaThread "CompilerThread1" daemon [_thread_blocked, id=4020, stack(0x000000005d6d0000,0x000000005e6d0000)]
  0x000000005b59c000 JavaThread "CompilerThread0" daemon [_thread_blocked, id=4492, stack(0x000000005c6d0000,0x000000005d6d0000)]
  0x000000005b59ac00 JavaThread "Attach Listener" daemon [_thread_blocked, id=3772, stack(0x00000000082f0000,0x0000000008370000)]
  0x000000005b57f000 JavaThread "Finalizer" daemon [_thread_blocked, id=3016, stack(0x0000000008270000,0x00000000082f0000)]
  0x000000005b579000 JavaThread "Reference Handler" daemon [_thread_blocked, id=4516, stack(0x0000000006f10000,0x0000000006f90000)]
=>0x00000000017e2c00 JavaThread "main" [_thread_in_native, id=2604, stack(0x0000000000030000,0x0000000001030000)]

Other Threads:
  0x000000005b571000 VMThread [stack: 0x000000005b6d0000,0x000000005c6d0000] [id=3020]
  0x000000005b5f3000 WatcherThread [stack: 0x000000005e6d0000,0x000000005f6d0000] [id=2068]

VM state:not at safepoint (normal execution)

VM Mutex/Monitor currently owned by a thread: None

Heap
 PSYoungGen      total 150784K, used 60348K [0x0000000047b20000, 0x0000000051bf0000, 0x00000000572a0000)
  eden space 137024K, 39% used [0x0000000047b20000,0x000000004b024eb8,0x00000000500f0000)
  from space 13760K, 44% used [0x0000000050e70000,0x000000005145a3b8,0x0000000051be0000)
  to   space 13824K, 0% used [0x00000000500f0000,0x00000000500f0000,0x0000000050e70000)
 PSOldGen        total 712768K, used 143965K [0x00000000194a0000, 0x0000000044cb0000, 0x0000000047b20000)
  object space 712768K, 20% used [0x00000000194a0000,0x0000000022137470,0x0000000044cb0000)
 PSPermGen       total 73600K, used 61261K [0x00000000114a0000, 0x0000000015c80000, 0x00000000194a0000)
  object space 73600K, 83% used [0x00000000114a0000,0x0000000015073650,0x0000000015c80000)

Dynamic libraries:
0x0000000140000000 - 0x000000014002a000 	C:\Program Files\MATLAB\R2010a\bin\win64\MATLAB.exe
0x0000000077110000 - 0x00000000772bb000 	C:\Windows\SYSTEM32\ntdll.dll
0x0000000076ff0000 - 0x000000007710f000 	C:\Windows\system32\kernel32.dll
0x000007fefd2f0000 - 0x000007fefd35b000 	C:\Windows\system32\KERNELBASE.dll
0x000000007ce80000 - 0x000000007cf96000 	C:\Program Files\MATLAB\R2010a\bin\win64\libut.dll
0x000007fefe3d0000 - 0x000007fefe3e7000 	C:\Windows\system32\imagehlp.dll
0x000007fefe0f0000 - 0x000007fefe18f000 	C:\Windows\system32\msvcrt.dll
0x00000000772e0000 - 0x00000000772e7000 	C:\Windows\system32\PSAPI.DLL
0x000000007d660000 - 0x000000007d688000 	C:\Program Files\MATLAB\R2010a\bin\win64\LIBEXPAT.dll
0x0000000074d60000 - 0x0000000074e29000 	C:\Windows\WinSxS\amd64_microsoft.vc80.crt_1fc8b3b9a1e18e3b_8.0.50727.4927_none_88dce9872fb18caf\MSVCR80.dll
0x000000007d380000 - 0x000000007d4ac000 	C:\Program Files\MATLAB\R2010a\bin\win64\icuuc40.dll
0x000007fefd4c0000 - 0x000007fefd59b000 	C:\Windows\system32\ADVAPI32.dll
0x000007fefe080000 - 0x000007fefe09f000 	C:\Windows\SYSTEM32\sechost.dll
0x000007fefdc20000 - 0x000007fefdd4e000 	C:\Windows\system32\RPCRT4.dll
0x000000007c8b0000 - 0x000000007c8b3000 	C:\Program Files\MATLAB\R2010a\bin\win64\icudt40.dll
0x000000007c8c0000 - 0x000000007c8d0000 	C:\Program Files\MATLAB\R2010a\bin\win64\icuio40.dll
0x000000007cb00000 - 0x000000007cc53000 	C:\Program Files\MATLAB\R2010a\bin\win64\icuin40.dll
0x0000000074c50000 - 0x0000000074d59000 	C:\Windows\WinSxS\amd64_microsoft.vc80.crt_1fc8b3b9a1e18e3b_8.0.50727.4927_none_88dce9872fb18caf\MSVCP80.dll
0x0000000076ef0000 - 0x0000000076fea000 	C:\Windows\system32\USER32.dll
0x000007fefdbb0000 - 0x000007fefdc17000 	C:\Windows\system32\GDI32.dll
0x000007fefe3f0000 - 0x000007fefe3fe000 	C:\Windows\system32\LPK.dll
0x000007fefdfb0000 - 0x000007fefe07a000 	C:\Windows\system32\USP10.dll
0x0000000078930000 - 0x0000000078a4e000 	C:\Program Files\MATLAB\R2010a\bin\win64\libmwfl.dll
0x00000000788c0000 - 0x00000000788fe000 	C:\Program Files\MATLAB\R2010a\bin\win64\tbb.dll
0x000000007e960000 - 0x000000007e96f000 	C:\Program Files\MATLAB\R2010a\bin\win64\boost_date_time-vc80-mt-1_36.dll
0x000000007ebf0000 - 0x000000007ec0d000 	C:\Program Files\MATLAB\R2010a\bin\win64\boost_filesystem-vc80-mt-1_36.dll
0x000000007dbd0000 - 0x000000007dbd9000 	C:\Program Files\MATLAB\R2010a\bin\win64\boost_system-vc80-mt-1_36.dll
0x000000007e940000 - 0x000000007e956000 	C:\Program Files\MATLAB\R2010a\bin\win64\boost_signals-vc80-mt-1_36.dll
0x000000007c890000 - 0x000000007c8a1000 	C:\Program Files\MATLAB\R2010a\bin\win64\boost_thread-vc80-mt-1_36.dll
0x000000007d010000 - 0x000000007d298000 	C:\Program Files\MATLAB\R2010a\bin\win64\libmwservices.dll
0x000000007cfa0000 - 0x000000007d00d000 	C:\Program Files\MATLAB\R2010a\bin\win64\libmx.dll
0x00000000792b0000 - 0x00000000792c7000 	C:\Program Files\MATLAB\R2010a\bin\win64\zlib1.dll
0x000000007d2a0000 - 0x000000007d37c000 	C:\Program Files\MATLAB\R2010a\bin\win64\libmwmathutil.dll
0x000000007a9b0000 - 0x000000007aa0e000 	C:\Program Files\MATLAB\R2010a\bin\win64\mpath.dll
0x000000007d690000 - 0x000000007d812000 	C:\Program Files\MATLAB\R2010a\bin\win64\mlutil.dll
0x000000007e860000 - 0x000000007e8ec000 	C:\Program Files\MATLAB\R2010a\bin\win64\xmlcore.dll
0x000000007a320000 - 0x000000007a5b5000 	C:\Program Files\MATLAB\R2010a\bin\win64\xerces-c_2_7.dll
0x000007fefe0a0000 - 0x000007fefe0ed000 	C:\Windows\system32\WS2_32.dll
0x000007fefe340000 - 0x000007fefe348000 	C:\Windows\system32\NSI.dll
0x000007fefe690000 - 0x000007feff416000 	C:\Windows\system32\SHELL32.dll
0x000007fefe190000 - 0x000007fefe201000 	C:\Windows\system32\SHLWAPI.dll
0x000007fef4b30000 - 0x000007fef4bd0000 	C:\Windows\WinSxS\amd64_microsoft.windows.common-controls_6595b64144ccf1df_5.82.7600.16661_none_a44e1fc257f685f6\COMCTL32.dll
0x000007fefd900000 - 0x000007fefd998000 	C:\Windows\system32\comdlg32.dll
0x000007fefb170000 - 0x000007fefb186000 	C:\Windows\system32\NETAPI32.dll
0x000007fefca40000 - 0x000007fefca4c000 	C:\Windows\system32\netutils.dll
0x000007fefcad0000 - 0x000007fefcaf3000 	C:\Windows\system32\srvcli.dll
0x000007fefb150000 - 0x000007fefb165000 	C:\Windows\system32\wkscli.dll
0x000000007ad90000 - 0x000000007ae2e000 	C:\Program Files\MATLAB\R2010a\bin\win64\mcr.dll
0x0000000001310000 - 0x0000000001335000 	C:\Program Files\MATLAB\R2010a\bin\win64\libmwi18n.dll
0x000000007c8d0000 - 0x000000007c983000 	C:\Program Files\MATLAB\R2010a\bin\win64\iqm.dll
0x000000007b500000 - 0x000000007bdb0000 	C:\Program Files\MATLAB\R2010a\bin\win64\m_interpreter.dll
0x000000007c9b0000 - 0x000000007c9c6000 	C:\Program Files\MATLAB\R2010a\bin\win64\libmex.dll
0x000000007abf0000 - 0x000000007aca4000 	C:\Program Files\MATLAB\R2010a\bin\win64\m_dispatcher.dll
0x000000007ead0000 - 0x000000007ebc1000 	C:\Program Files\MATLAB\R2010a\bin\win64\boost_regex-vc80-mt-1_36.dll
0x000000007aa90000 - 0x000000007ab27000 	C:\Program Files\MATLAB\R2010a\bin\win64\profiler.dll
0x000000007ca40000 - 0x000000007ca71000 	C:\Program Files\MATLAB\R2010a\bin\win64\libmwmathrng.dll
0x0000000079200000 - 0x000000007921a000 	C:\Program Files\MATLAB\R2010a\bin\win64\m_pcodeio.dll
0x000000007a960000 - 0x000000007a9ad000 	C:\Program Files\MATLAB\R2010a\bin\win64\m_ir.dll
0x000000007aef0000 - 0x000000007b4f1000 	C:\Program Files\MATLAB\R2010a\bin\win64\m_parser.dll
0x000000007c990000 - 0x000000007c9a4000 	C:\Program Files\MATLAB\R2010a\bin\win64\ir_xfmr.dll
0x0000000078a50000 - 0x0000000078d2f000 	C:\Program Files\MATLAB\R2010a\bin\win64\mcos.dll
0x000000007ca90000 - 0x000000007ca9c000 	C:\Program Files\MATLAB\R2010a\bin\win64\mtok.dll
0x00000000791d0000 - 0x00000000791f6000 	C:\Program Files\MATLAB\R2010a\bin\win64\m_pcodegen.dll
0x0000000001430000 - 0x0000000001482000 	C:\Program Files\MATLAB\R2010a\bin\win64\libmwspmatrix.dll
0x000007fefa800000 - 0x000007fefa925000 	C:\Windows\system32\dbghelp.dll
0x00000000014a0000 - 0x00000000014cc000 	C:\Program Files\MATLAB\R2010a\bin\win64\libmwbridge.dll
0x000000007c4f0000 - 0x000000007c5b7000 	C:\Program Files\MATLAB\R2010a\bin\win64\udd.dll
0x000000007d4b0000 - 0x000000007d604000 	C:\Program Files\MATLAB\R2010a\bin\win64\libmwgui.dll
0x0000000079320000 - 0x0000000079acf000 	C:\Program Files\MATLAB\R2010a\bin\win64\hg.dll
0x0000000079100000 - 0x0000000079150000 	C:\Program Files\MATLAB\R2010a\bin\win64\libmat.dll
0x000000007cc60000 - 0x000000007ce7b000 	C:\Program Files\MATLAB\R2010a\bin\win64\libhdf5.dll
0x000000007a860000 - 0x000000007a8e3000 	C:\Program Files\MATLAB\R2010a\bin\win64\jmi.dll
0x000000007a790000 - 0x000000007a7d6000 	C:\Program Files\MATLAB\R2010a\bin\win64\libmwhardcopy.dll
0x000000007a8f0000 - 0x000000007a959000 	C:\Program Files\MATLAB\R2010a\bin\win64\libuij.dll
0x0000000078730000 - 0x00000000788b3000 	C:\Program Files\MATLAB\R2010a\bin\win64\hgdatatypes.dll
0x0000000078670000 - 0x0000000078721000 	C:\Program Files\MATLAB\R2010a\bin\win64\hgutils.dll
0x0000000079150000 - 0x00000000791cc000 	C:\Program Files\MATLAB\R2010a\bin\win64\libmwlapack.dll
0x000000007c9e0000 - 0x000000007c9f3000 	C:\Program Files\MATLAB\R2010a\bin\win64\libmwbinder.dll
0x000000007c5c0000 - 0x000000007c881000 	C:\Program Files\MATLAB\R2010a\bin\win64\uiw.dll
0x000000007caf0000 - 0x000000007cafa000 	C:\Program Files\MATLAB\R2010a\bin\win64\uinone.dll
0x0000000074ab0000 - 0x0000000074c4c000 	C:\Windows\WinSxS\amd64_microsoft.vc80.mfc_1fc8b3b9a1e18e3b_8.0.50727.4053_none_8444db7d32915e4c\MFC80.DLL
0x000007fef9470000 - 0x000007fef94e0000 	C:\Windows\system32\WINSPOOL.DRV
0x000007fefd9a0000 - 0x000007fefdba2000 	C:\Windows\system32\ole32.dll
0x000007fefd5a0000 - 0x000007fefd677000 	C:\Windows\system32\OLEAUT32.dll
0x000000007ae30000 - 0x000000007aee6000 	C:\Program Files\MATLAB\R2010a\bin\win64\udd_mi.dll
0x0000000079220000 - 0x000000007923f000 	C:\Program Files\MATLAB\R2010a\bin\win64\mwoles05.DLL
0x000000007aa10000 - 0x000000007aa82000 	C:\Program Files\MATLAB\R2010a\bin\win64\comcli.dll
0x0000000074640000 - 0x0000000074660000 	C:\Windows\WinSxS\amd64_microsoft.vc80.atl_1fc8b3b9a1e18e3b_8.0.50727.4053_none_8a1a02152edb659b\ATL80.DLL
0x000000007ca80000 - 0x000000007ca8e000 	C:\Program Files\MATLAB\R2010a\bin\win64\mlautoregister.dll
0x000007fefcf00000 - 0x000007fefcf57000 	C:\Windows\system32\apphelp.dll
0x000007fef7a10000 - 0x000007fef7a61000 	C:\Windows\AppPatch\AppPatch64\AcGenral.DLL
0x000007fefced0000 - 0x000007fefcef5000 	C:\Windows\system32\SspiCli.dll
0x0000000074470000 - 0x0000000074473000 	C:\Windows\system32\sfc.dll
0x000007fef8d60000 - 0x000007fef8d70000 	C:\Windows\system32\sfc_os.DLL
0x000007fefc3a0000 - 0x000007fefc3be000 	C:\Windows\system32\USERENV.dll
0x000007fefd070000 - 0x000007fefd07f000 	C:\Windows\system32\profapi.dll
0x000007fefb440000 - 0x000007fefb458000 	C:\Windows\system32\dwmapi.dll
0x000007fefa370000 - 0x000007fefa388000 	C:\Windows\system32\MPR.dll
0x000007fefe3a0000 - 0x000007fefe3ce000 	C:\Windows\system32\IMM32.DLL
0x000007fefe580000 - 0x000007fefe689000 	C:\Windows\system32\MSCTF.dll
0x0000000074aa0000 - 0x0000000074aad000 	C:\Windows\WinSxS\amd64_microsoft.vc80.mfcloc_1fc8b3b9a1e18e3b_8.0.50727.4053_none_bc1d1e5b0be08790\MFC80ENU.DLL
0x000007fefbcb0000 - 0x000007fefbd06000 	C:\Windows\system32\uxtheme.dll
0x00000000734f0000 - 0x00000000734f3000 	C:\Windows\system32\icmp.Dll
0x000007fefa040000 - 0x000007fefa067000 	C:\Windows\system32\iphlpapi.DLL
0x000007fefa030000 - 0x000007fefa03b000 	C:\Windows\system32\WINNSI.DLL
0x000007fefaeb0000 - 0x000007fefaec5000 	C:\Windows\system32\NLAapi.dll
0x000007fefc880000 - 0x000007fefc8d4000 	C:\Windows\System32\mswsock.dll
0x000007fefc700000 - 0x000007fefc75b000 	C:\Windows\system32\DNSAPI.dll
0x000007fef78e0000 - 0x000007fef78eb000 	C:\Windows\System32\winrnr.dll
0x000007fef78c0000 - 0x000007fef78d5000 	C:\Windows\system32\napinsp.dll
0x000007fef78a0000 - 0x000007fef78b9000 	C:\Windows\system32\pnrpnsp.dll
0x000007fef9ba0000 - 0x000007fef9bf3000 	C:\Windows\System32\fwpuclnt.dll
0x000007fef9630000 - 0x000007fef9638000 	C:\Windows\system32\rasadhlp.dll
0x000007fefc2a0000 - 0x000007fefc2a7000 	C:\Windows\System32\wshtcpip.dll
0x000007fef9b70000 - 0x000007fef9b81000 	C:\Windows\system32\dhcpcsvc6.DLL
0x000007fef9b50000 - 0x000007fef9b68000 	C:\Windows\system32\dhcpcsvc.DLL
0x000007fefcf60000 - 0x000007fefcf6f000 	C:\Windows\system32\CRYPTBASE.dll
0x000007fefd360000 - 0x000007fefd396000 	C:\Windows\system32\CFGMGR32.dll
0x000000006d7f0000 - 0x000000006dda8000 	C:\Program Files\MATLAB\R2010a\sys\java\jre\win64\jre\bin\server\jvm.dll
0x000007fefaed0000 - 0x000007fefaf0b000 	C:\Windows\system32\WINMM.dll
0x000000007aba0000 - 0x000000007abaa000 	C:\Program Files\MATLAB\R2010a\sys\java\jre\win64\jre\bin\hpi.dll
0x000000007abc0000 - 0x000000007abce000 	C:\Program Files\MATLAB\R2010a\sys\java\jre\win64\jre\bin\verify.dll
0x00000000792d0000 - 0x00000000792f7000 	C:\Program Files\MATLAB\R2010a\sys\java\jre\win64\jre\bin\java.dll
0x000000007abd0000 - 0x000000007abe2000 	C:\Program Files\MATLAB\R2010a\sys\java\jre\win64\jre\bin\zip.dll
0x0000000079240000 - 0x000000007926b000 	C:\Program Files\MATLAB\R2010a\bin\win64\nativejava.dll
0x0000000079270000 - 0x00000000792a7000 	C:\Program Files\MATLAB\R2010a\bin\win64\nativejmi.dll
0x000000007cae0000 - 0x000000007caed000 	C:\Program Files\MATLAB\R2010a\bin\win64\nativeservices.dll
0x000000007a5c0000 - 0x000000007a782000 	C:\Program Files\MATLAB\R2010a\sys\java\jre\win64\jre\bin\awt.dll

VM Arguments:
jvm_args: -Xss512k -XX:PermSize=32m -Xms64m -XX:NewRatio=3 -XX:MaxPermSize=128m -Xmx989m -XX:MaxDirectMemorySize=2147400000 -Dsun.java2d.noddraw=true -Dsun.awt.nopixfmt=true -Xshare:off -Xrs -Djava.library.path=C:\Program Files\MATLAB\R2010a\bin\win64 vfprintf abort 
java_command: <unknown>
Launcher Type: generic

Environment Variables:
CLASSPATH=.;C:\Program Files (x86)\Java\jre6\lib\ext\QTJava.zip
PATH=C:\Windows\system32;C:\Windows;C:\Windows\System32\Wbem;C:\Windows\System32\WindowsPowerShell\v1.0\;C:\Program Files (x86)\QuickTime\QTSystem\;C:\Program Files (x86)\Enterprise Vault\EVClient\;c:\ic-utils;C:\Program Files\MATLAB\R2010a\runtime\win64;C:\Program Files\MATLAB\R2010a\bin;C:\MassLynx\
USERNAME=igarciap
OS=Windows_NT
PROCESSOR_IDENTIFIER=Intel64 Family 6 Model 37 Stepping 2, GenuineIntel



---------------  S Y S T E M  ---------------

OS: Windows NT 6.1 Build 7600 

CPU:total 4 (8 cores per cpu, 2 threads per core) family 6 model 5 stepping 2, cmov, cx8, fxsr, mmx, sse, sse2, sse3, ssse3, ht

Memory: 4k page, physical 4054316k(1729104k free), swap 8106732k(4645508k free)

vm_info: Java HotSpot(TM) 64-Bit Server VM (11.2-b01) for windows-amd64 JRE (1.6.0_12-b04), built on Jan 17 2009 01:49:05 by "java_re" with MS VC++ 8.0

time: Mon Jan 17 14:35:52 2011
elapsed time: 514044 seconds

